The target system is: Generic -  - arm
The host system is: Linux - 5.19.16-200.fc36.x86_64 - x86_64
Compiling the C compiler identification source file "CMakeCCompilerId.c" succeeded.
Compiler: /usr/bin/arm-none-eabi-gcc -fdata-sections;-ffunction-sections;--specs=nano.specs;-Wl,--gc-sections
Build flags: 
Id flags: -c 

The output was:
0


Compilation of the C compiler identification source "CMakeCCompilerId.c" produced "CMakeCCompilerId.o"

The C compiler identification is GNU, found in "/home/oleg/MEGA/workdir/vscode/git-repos/stm32h743-nucleo-template/build/CMakeFiles/3.22.2/CompilerIdC/CMakeCCompilerId.o"

Compiling the CXX compiler identification source file "CMakeCXXCompilerId.cpp" succeeded.
Compiler: /usr/bin/arm-none-eabi-g++ -fdata-sections;-ffunction-sections;--specs=nano.specs;-Wl,--gc-sections;-fno-rtti;-fno-exceptions;-fno-threadsafe-statics
Build flags: 
Id flags: -c 

The output was:
0


Compilation of the CXX compiler identification source "CMakeCXXCompilerId.cpp" produced "CMakeCXXCompilerId.o"

The CXX compiler identification is GNU, found in "/home/oleg/MEGA/workdir/vscode/git-repos/stm32h743-nucleo-template/build/CMakeFiles/3.22.2/CompilerIdCXX/CMakeCXXCompilerId.o"

Detecting C compiler ABI info compiled with the following output:
Change Dir: /home/oleg/MEGA/workdir/vscode/git-repos/stm32h743-nucleo-template/build/CMakeFiles/CMakeTmp

Run Build Command(s):/usr/bin/ninja-build cmTC_bcfed && [1/2] Building C object CMakeFiles/cmTC_bcfed.dir/CMakeCCompilerABI.c.obj
Using built-in specs.
Reading specs from /usr/lib/gcc/arm-none-eabi/12.2.0/../../../../arm-none-eabi/lib/nano.specs
rename spec link to nano_link
rename spec link_gcc_c_sequence to nano_link_gcc_c_sequence
rename spec cpp_unique_options to nano_cpp_unique_options
COLLECT_GCC=/usr/bin/arm-none-eabi-gcc
Target: arm-none-eabi
Configured with: ../gcc-12.2.0/configure --prefix=/usr --mandir=/usr/share/man --with-pkgversion='Fedora 12.2.0-1.fc36' --with-bugurl=https://bugzilla.redhat.com/ --infodir=/usr/share/info --target=arm-none-eabi --enable-interwork --enable-multilib --with-python-dir=share/arm-none-eabi/gcc-12.2.0/python --with-multilib-list=rmprofile --enable-plugins --disable-decimal-float --disable-libffi --disable-libgomp --disable-libmudflap --disable-libquadmath --disable-libssp --disable-libstdcxx-pch --disable-nls --disable-shared --disable-threads --disable-tls --enable-languages=c,c++ --with-newlib --disable-nls --disable-shared --disable-threads --with-gnu-as --with-gnu-ld --with-gmp --with-mpfr --with-mpc --with-headers=yes --with-system-zlib --with-sysroot=/usr/arm-none-eabi
Thread model: single
Supported LTO compression algorithms: zlib
gcc version 12.2.0 (Fedora 12.2.0-1.fc36) 
COLLECT_GCC_OPTIONS='-fdata-sections' '-ffunction-sections' '-specs=nano.specs' '-v' '-o' 'CMakeFiles/cmTC_bcfed.dir/CMakeCCompilerABI.c.obj' '-c' '-mcpu=arm7tdmi' '-mfloat-abi=soft' '-marm' '-mlibarch=armv4t' '-march=armv4t' '-dumpdir' 'CMakeFiles/cmTC_bcfed.dir/'
 /usr/libexec/gcc/arm-none-eabi/12.2.0/cc1 -isystem =/include/newlib-nano -quiet -v -D__USES_INITFINI__ /usr/share/cmake/Modules/CMakeCCompilerABI.c -quiet -dumpdir CMakeFiles/cmTC_bcfed.dir/ -dumpbase CMakeCCompilerABI.c.c -dumpbase-ext .c -mcpu=arm7tdmi -mfloat-abi=soft -marm -mlibarch=armv4t -march=armv4t -version -fdata-sections -ffunction-sections -o /tmp/ccPP8YyR.s
GNU C17 (Fedora 12.2.0-1.fc36) version 12.2.0 (arm-none-eabi)
	compiled by GNU C version 12.2.1 20220819 (Red Hat 12.2.1-1), GMP version 6.2.1, MPFR version 4.1.0-p13, MPC version 1.2.1, isl version none
GGC heuristics: --param ggc-min-expand=100 --param ggc-min-heapsize=131072
ignoring nonexistent directory "/usr/arm-none-eabi/usr/local/include"
ignoring nonexistent directory "/usr/arm-none-eabi/usr/include"
#include "..." search starts here:
#include <...> search starts here:
 /usr/arm-none-eabi/include/newlib-nano
 /usr/lib/gcc/arm-none-eabi/12.2.0/include
 /usr/lib/gcc/arm-none-eabi/12.2.0/include-fixed
 /usr/lib/gcc/arm-none-eabi/12.2.0/../../../../arm-none-eabi/include
End of search list.
GNU C17 (Fedora 12.2.0-1.fc36) version 12.2.0 (arm-none-eabi)
	compiled by GNU C version 12.2.1 20220819 (Red Hat 12.2.1-1), GMP version 6.2.1, MPFR version 4.1.0-p13, MPC version 1.2.1, isl version none
GGC heuristics: --param ggc-min-expand=100 --param ggc-min-heapsize=131072
Compiler executable checksum: 05e93becd42bf509bb1eabef7d80c624
COLLECT_GCC_OPTIONS='-fdata-sections' '-ffunction-sections' '-specs=nano.specs' '-v' '-o' 'CMakeFiles/cmTC_bcfed.dir/CMakeCCompilerABI.c.obj' '-c' '-mcpu=arm7tdmi' '-mfloat-abi=soft' '-marm' '-mlibarch=armv4t' '-march=armv4t' '-dumpdir' 'CMakeFiles/cmTC_bcfed.dir/'
 /usr/lib/gcc/arm-none-eabi/12.2.0/../../../../arm-none-eabi/bin/as -v -march=armv4t -mfloat-abi=soft -meabi=5 -o CMakeFiles/cmTC_bcfed.dir/CMakeCCompilerABI.c.obj /tmp/ccPP8YyR.s
GNU assembler version 2.39 (arm-none-eabi) using BFD version (Fedora 2.39-1.fc36) 2.39
COMPILER_PATH=/usr/libexec/gcc/arm-none-eabi/12.2.0/:/usr/libexec/gcc/arm-none-eabi/12.2.0/:/usr/libexec/gcc/arm-none-eabi/:/usr/lib/gcc/arm-none-eabi/12.2.0/:/usr/lib/gcc/arm-none-eabi/:/usr/lib/gcc/arm-none-eabi/12.2.0/../../../../arm-none-eabi/bin/
LIBRARY_PATH=/usr/lib/gcc/arm-none-eabi/12.2.0/:/usr/lib/gcc/arm-none-eabi/12.2.0/../../../../arm-none-eabi/lib/:/usr/arm-none-eabi/lib/
COLLECT_GCC_OPTIONS='-fdata-sections' '-ffunction-sections' '-specs=nano.specs' '-v' '-o' 'CMakeFiles/cmTC_bcfed.dir/CMakeCCompilerABI.c.obj' '-c' '-mcpu=arm7tdmi' '-mfloat-abi=soft' '-marm' '-mlibarch=armv4t' '-march=armv4t' '-dumpdir' 'CMakeFiles/cmTC_bcfed.dir/CMakeCCompilerABI.c.'
[2/2] Linking C static library libcmTC_bcfed.a



Parsed C implicit include dir info from above output: rv=done
  found start of include info
  found start of implicit include info
    add: [/usr/arm-none-eabi/include/newlib-nano]
    add: [/usr/lib/gcc/arm-none-eabi/12.2.0/include]
    add: [/usr/lib/gcc/arm-none-eabi/12.2.0/include-fixed]
    add: [/usr/lib/gcc/arm-none-eabi/12.2.0/../../../../arm-none-eabi/include]
  end of search list found
  collapse include dir [/usr/arm-none-eabi/include/newlib-nano] ==> [/usr/arm-none-eabi/include/newlib-nano]
  collapse include dir [/usr/lib/gcc/arm-none-eabi/12.2.0/include] ==> [/usr/lib/gcc/arm-none-eabi/12.2.0/include]
  collapse include dir [/usr/lib/gcc/arm-none-eabi/12.2.0/include-fixed] ==> [/usr/lib/gcc/arm-none-eabi/12.2.0/include-fixed]
  collapse include dir [/usr/lib/gcc/arm-none-eabi/12.2.0/../../../../arm-none-eabi/include] ==> [/usr/arm-none-eabi/include]
  implicit include dirs: [/usr/arm-none-eabi/include/newlib-nano;/usr/lib/gcc/arm-none-eabi/12.2.0/include;/usr/lib/gcc/arm-none-eabi/12.2.0/include-fixed;/usr/arm-none-eabi/include]


Parsed C implicit link information from above output:
  link line regex: [^( *|.*[/\])(arm-none-eabi-ld|CMAKE_LINK_STARTFILE-NOTFOUND|([^/\]+-)?ld|collect2)[^/\]*( |$)]
  ignore line: [Change Dir: /home/oleg/MEGA/workdir/vscode/git-repos/stm32h743-nucleo-template/build/CMakeFiles/CMakeTmp]
  ignore line: []
  ignore line: [Run Build Command(s):/usr/bin/ninja-build cmTC_bcfed && [1/2] Building C object CMakeFiles/cmTC_bcfed.dir/CMakeCCompilerABI.c.obj]
  ignore line: [Using built-in specs.]
  ignore line: [Reading specs from /usr/lib/gcc/arm-none-eabi/12.2.0/../../../../arm-none-eabi/lib/nano.specs]
  ignore line: [rename spec link to nano_link]
  ignore line: [rename spec link_gcc_c_sequence to nano_link_gcc_c_sequence]
  ignore line: [rename spec cpp_unique_options to nano_cpp_unique_options]
  ignore line: [COLLECT_GCC=/usr/bin/arm-none-eabi-gcc]
  ignore line: [Target: arm-none-eabi]
  ignore line: [Configured with: ../gcc-12.2.0/configure --prefix=/usr --mandir=/usr/share/man --with-pkgversion='Fedora 12.2.0-1.fc36' --with-bugurl=https://bugzilla.redhat.com/ --infodir=/usr/share/info --target=arm-none-eabi --enable-interwork --enable-multilib --with-python-dir=share/arm-none-eabi/gcc-12.2.0/python --with-multilib-list=rmprofile --enable-plugins --disable-decimal-float --disable-libffi --disable-libgomp --disable-libmudflap --disable-libquadmath --disable-libssp --disable-libstdcxx-pch --disable-nls --disable-shared --disable-threads --disable-tls --enable-languages=c,c++ --with-newlib --disable-nls --disable-shared --disable-threads --with-gnu-as --with-gnu-ld --with-gmp --with-mpfr --with-mpc --with-headers=yes --with-system-zlib --with-sysroot=/usr/arm-none-eabi]
  ignore line: [Thread model: single]
  ignore line: [Supported LTO compression algorithms: zlib]
  ignore line: [gcc version 12.2.0 (Fedora 12.2.0-1.fc36) ]
  ignore line: [COLLECT_GCC_OPTIONS='-fdata-sections' '-ffunction-sections' '-specs=nano.specs' '-v' '-o' 'CMakeFiles/cmTC_bcfed.dir/CMakeCCompilerABI.c.obj' '-c' '-mcpu=arm7tdmi' '-mfloat-abi=soft' '-marm' '-mlibarch=armv4t' '-march=armv4t' '-dumpdir' 'CMakeFiles/cmTC_bcfed.dir/']
  ignore line: [ /usr/libexec/gcc/arm-none-eabi/12.2.0/cc1 -isystem =/include/newlib-nano -quiet -v -D__USES_INITFINI__ /usr/share/cmake/Modules/CMakeCCompilerABI.c -quiet -dumpdir CMakeFiles/cmTC_bcfed.dir/ -dumpbase CMakeCCompilerABI.c.c -dumpbase-ext .c -mcpu=arm7tdmi -mfloat-abi=soft -marm -mlibarch=armv4t -march=armv4t -version -fdata-sections -ffunction-sections -o /tmp/ccPP8YyR.s]
  ignore line: [GNU C17 (Fedora 12.2.0-1.fc36) version 12.2.0 (arm-none-eabi)]
  ignore line: [	compiled by GNU C version 12.2.1 20220819 (Red Hat 12.2.1-1)  GMP version 6.2.1  MPFR version 4.1.0-p13  MPC version 1.2.1  isl version none]
  ignore line: [GGC heuristics: --param ggc-min-expand=100 --param ggc-min-heapsize=131072]
  ignore line: [ignoring nonexistent directory "/usr/arm-none-eabi/usr/local/include"]
  ignore line: [ignoring nonexistent directory "/usr/arm-none-eabi/usr/include"]
  ignore line: [#include "..." search starts here:]
  ignore line: [#include <...> search starts here:]
  ignore line: [ /usr/arm-none-eabi/include/newlib-nano]
  ignore line: [ /usr/lib/gcc/arm-none-eabi/12.2.0/include]
  ignore line: [ /usr/lib/gcc/arm-none-eabi/12.2.0/include-fixed]
  ignore line: [ /usr/lib/gcc/arm-none-eabi/12.2.0/../../../../arm-none-eabi/include]
  ignore line: [End of search list.]
  ignore line: [GNU C17 (Fedora 12.2.0-1.fc36) version 12.2.0 (arm-none-eabi)]
  ignore line: [	compiled by GNU C version 12.2.1 20220819 (Red Hat 12.2.1-1)  GMP version 6.2.1  MPFR version 4.1.0-p13  MPC version 1.2.1  isl version none]
  ignore line: [GGC heuristics: --param ggc-min-expand=100 --param ggc-min-heapsize=131072]
  ignore line: [Compiler executable checksum: 05e93becd42bf509bb1eabef7d80c624]
  ignore line: [COLLECT_GCC_OPTIONS='-fdata-sections' '-ffunction-sections' '-specs=nano.specs' '-v' '-o' 'CMakeFiles/cmTC_bcfed.dir/CMakeCCompilerABI.c.obj' '-c' '-mcpu=arm7tdmi' '-mfloat-abi=soft' '-marm' '-mlibarch=armv4t' '-march=armv4t' '-dumpdir' 'CMakeFiles/cmTC_bcfed.dir/']
  ignore line: [ /usr/lib/gcc/arm-none-eabi/12.2.0/../../../../arm-none-eabi/bin/as -v -march=armv4t -mfloat-abi=soft -meabi=5 -o CMakeFiles/cmTC_bcfed.dir/CMakeCCompilerABI.c.obj /tmp/ccPP8YyR.s]
  ignore line: [GNU assembler version 2.39 (arm-none-eabi) using BFD version (Fedora 2.39-1.fc36) 2.39]
  ignore line: [COMPILER_PATH=/usr/libexec/gcc/arm-none-eabi/12.2.0/:/usr/libexec/gcc/arm-none-eabi/12.2.0/:/usr/libexec/gcc/arm-none-eabi/:/usr/lib/gcc/arm-none-eabi/12.2.0/:/usr/lib/gcc/arm-none-eabi/:/usr/lib/gcc/arm-none-eabi/12.2.0/../../../../arm-none-eabi/bin/]
  ignore line: [LIBRARY_PATH=/usr/lib/gcc/arm-none-eabi/12.2.0/:/usr/lib/gcc/arm-none-eabi/12.2.0/../../../../arm-none-eabi/lib/:/usr/arm-none-eabi/lib/]
  ignore line: [COLLECT_GCC_OPTIONS='-fdata-sections' '-ffunction-sections' '-specs=nano.specs' '-v' '-o' 'CMakeFiles/cmTC_bcfed.dir/CMakeCCompilerABI.c.obj' '-c' '-mcpu=arm7tdmi' '-mfloat-abi=soft' '-marm' '-mlibarch=armv4t' '-march=armv4t' '-dumpdir' 'CMakeFiles/cmTC_bcfed.dir/CMakeCCompilerABI.c.']
  ignore line: [[2/2] Linking C static library libcmTC_bcfed.a]
  ignore line: []
  ignore line: []
  implicit libs: []
  implicit objs: []
  implicit dirs: []
  implicit fwks: []


Detecting CXX compiler ABI info compiled with the following output:
Change Dir: /home/oleg/MEGA/workdir/vscode/git-repos/stm32h743-nucleo-template/build/CMakeFiles/CMakeTmp

Run Build Command(s):/usr/bin/ninja-build cmTC_82fd2 && [1/2] Building CXX object CMakeFiles/cmTC_82fd2.dir/CMakeCXXCompilerABI.cpp.obj
Using built-in specs.
Reading specs from /usr/lib/gcc/arm-none-eabi/12.2.0/../../../../arm-none-eabi/lib/nano.specs
rename spec link to nano_link
rename spec link_gcc_c_sequence to nano_link_gcc_c_sequence
rename spec cpp_unique_options to nano_cpp_unique_options
COLLECT_GCC=/usr/bin/arm-none-eabi-g++
Target: arm-none-eabi
Configured with: ../gcc-12.2.0/configure --prefix=/usr --mandir=/usr/share/man --with-pkgversion='Fedora 12.2.0-1.fc36' --with-bugurl=https://bugzilla.redhat.com/ --infodir=/usr/share/info --target=arm-none-eabi --enable-interwork --enable-multilib --with-python-dir=share/arm-none-eabi/gcc-12.2.0/python --with-multilib-list=rmprofile --enable-plugins --disable-decimal-float --disable-libffi --disable-libgomp --disable-libmudflap --disable-libquadmath --disable-libssp --disable-libstdcxx-pch --disable-nls --disable-shared --disable-threads --disable-tls --enable-languages=c,c++ --with-newlib --disable-nls --disable-shared --disable-threads --with-gnu-as --with-gnu-ld --with-gmp --with-mpfr --with-mpc --with-headers=yes --with-system-zlib --with-sysroot=/usr/arm-none-eabi
Thread model: single
Supported LTO compression algorithms: zlib
gcc version 12.2.0 (Fedora 12.2.0-1.fc36) 
COLLECT_GCC_OPTIONS='-fdata-sections' '-ffunction-sections' '-specs=nano.specs' '-fno-rtti' '-fno-exceptions' '-fno-threadsafe-statics' '-v' '-o' 'CMakeFiles/cmTC_82fd2.dir/CMakeCXXCompilerABI.cpp.obj' '-c' '-mcpu=arm7tdmi' '-mfloat-abi=soft' '-marm' '-mlibarch=armv4t' '-march=armv4t' '-dumpdir' 'CMakeFiles/cmTC_82fd2.dir/'
 /usr/libexec/gcc/arm-none-eabi/12.2.0/cc1plus -isystem =/include/newlib-nano -quiet -v -D__USES_INITFINI__ /usr/share/cmake/Modules/CMakeCXXCompilerABI.cpp -quiet -dumpdir CMakeFiles/cmTC_82fd2.dir/ -dumpbase CMakeCXXCompilerABI.cpp.cpp -dumpbase-ext .cpp -mcpu=arm7tdmi -mfloat-abi=soft -marm -mlibarch=armv4t -march=armv4t -version -fdata-sections -ffunction-sections -fno-rtti -fno-exceptions -fno-threadsafe-statics -o /tmp/ccwVabiI.s
GNU C++17 (Fedora 12.2.0-1.fc36) version 12.2.0 (arm-none-eabi)
	compiled by GNU C version 12.2.1 20220819 (Red Hat 12.2.1-1), GMP version 6.2.1, MPFR version 4.1.0-p13, MPC version 1.2.1, isl version none
GGC heuristics: --param ggc-min-expand=100 --param ggc-min-heapsize=131072
ignoring nonexistent directory "/usr/arm-none-eabi/usr/local/include"
ignoring nonexistent directory "/usr/arm-none-eabi/usr/include"
#include "..." search starts here:
#include <...> search starts here:
 /usr/arm-none-eabi/include/newlib-nano
 /usr/lib/gcc/arm-none-eabi/12.2.0/../../../../arm-none-eabi/include/c++/12.2.0
 /usr/lib/gcc/arm-none-eabi/12.2.0/../../../../arm-none-eabi/include/c++/12.2.0/arm-none-eabi
 /usr/lib/gcc/arm-none-eabi/12.2.0/../../../../arm-none-eabi/include/c++/12.2.0/backward
 /usr/lib/gcc/arm-none-eabi/12.2.0/include
 /usr/lib/gcc/arm-none-eabi/12.2.0/include-fixed
 /usr/lib/gcc/arm-none-eabi/12.2.0/../../../../arm-none-eabi/include
End of search list.
GNU C++17 (Fedora 12.2.0-1.fc36) version 12.2.0 (arm-none-eabi)
	compiled by GNU C version 12.2.1 20220819 (Red Hat 12.2.1-1), GMP version 6.2.1, MPFR version 4.1.0-p13, MPC version 1.2.1, isl version none
GGC heuristics: --param ggc-min-expand=100 --param ggc-min-heapsize=131072
Compiler executable checksum: e0cb7d52735b2dfdcf53933f754eb815
COLLECT_GCC_OPTIONS='-fdata-sections' '-ffunction-sections' '-specs=nano.specs' '-fno-rtti' '-fno-exceptions' '-fno-threadsafe-statics' '-v' '-o' 'CMakeFiles/cmTC_82fd2.dir/CMakeCXXCompilerABI.cpp.obj' '-c' '-mcpu=arm7tdmi' '-mfloat-abi=soft' '-marm' '-mlibarch=armv4t' '-march=armv4t' '-dumpdir' 'CMakeFiles/cmTC_82fd2.dir/'
 /usr/lib/gcc/arm-none-eabi/12.2.0/../../../../arm-none-eabi/bin/as -v -march=armv4t -mfloat-abi=soft -meabi=5 -o CMakeFiles/cmTC_82fd2.dir/CMakeCXXCompilerABI.cpp.obj /tmp/ccwVabiI.s
GNU assembler version 2.39 (arm-none-eabi) using BFD version (Fedora 2.39-1.fc36) 2.39
COMPILER_PATH=/usr/libexec/gcc/arm-none-eabi/12.2.0/:/usr/libexec/gcc/arm-none-eabi/12.2.0/:/usr/libexec/gcc/arm-none-eabi/:/usr/lib/gcc/arm-none-eabi/12.2.0/:/usr/lib/gcc/arm-none-eabi/:/usr/lib/gcc/arm-none-eabi/12.2.0/../../../../arm-none-eabi/bin/
LIBRARY_PATH=/usr/lib/gcc/arm-none-eabi/12.2.0/:/usr/lib/gcc/arm-none-eabi/12.2.0/../../../../arm-none-eabi/lib/:/usr/arm-none-eabi/lib/
COLLECT_GCC_OPTIONS='-fdata-sections' '-ffunction-sections' '-specs=nano.specs' '-fno-rtti' '-fno-exceptions' '-fno-threadsafe-statics' '-v' '-o' 'CMakeFiles/cmTC_82fd2.dir/CMakeCXXCompilerABI.cpp.obj' '-c' '-mcpu=arm7tdmi' '-mfloat-abi=soft' '-marm' '-mlibarch=armv4t' '-march=armv4t' '-dumpdir' 'CMakeFiles/cmTC_82fd2.dir/CMakeCXXCompilerABI.cpp.'
[2/2] Linking CXX static library libcmTC_82fd2.a



Parsed CXX implicit include dir info from above output: rv=done
  found start of include info
  found start of implicit include info
    add: [/usr/arm-none-eabi/include/newlib-nano]
    add: [/usr/lib/gcc/arm-none-eabi/12.2.0/../../../../arm-none-eabi/include/c++/12.2.0]
    add: [/usr/lib/gcc/arm-none-eabi/12.2.0/../../../../arm-none-eabi/include/c++/12.2.0/arm-none-eabi]
    add: [/usr/lib/gcc/arm-none-eabi/12.2.0/../../../../arm-none-eabi/include/c++/12.2.0/backward]
    add: [/usr/lib/gcc/arm-none-eabi/12.2.0/include]
    add: [/usr/lib/gcc/arm-none-eabi/12.2.0/include-fixed]
    add: [/usr/lib/gcc/arm-none-eabi/12.2.0/../../../../arm-none-eabi/include]
  end of search list found
  collapse include dir [/usr/arm-none-eabi/include/newlib-nano] ==> [/usr/arm-none-eabi/include/newlib-nano]
  collapse include dir [/usr/lib/gcc/arm-none-eabi/12.2.0/../../../../arm-none-eabi/include/c++/12.2.0] ==> [/usr/arm-none-eabi/include/c++/12.2.0]
  collapse include dir [/usr/lib/gcc/arm-none-eabi/12.2.0/../../../../arm-none-eabi/include/c++/12.2.0/arm-none-eabi] ==> [/usr/arm-none-eabi/include/c++/12.2.0/arm-none-eabi]
  collapse include dir [/usr/lib/gcc/arm-none-eabi/12.2.0/../../../../arm-none-eabi/include/c++/12.2.0/backward] ==> [/usr/arm-none-eabi/include/c++/12.2.0/backward]
  collapse include dir [/usr/lib/gcc/arm-none-eabi/12.2.0/include] ==> [/usr/lib/gcc/arm-none-eabi/12.2.0/include]
  collapse include dir [/usr/lib/gcc/arm-none-eabi/12.2.0/include-fixed] ==> [/usr/lib/gcc/arm-none-eabi/12.2.0/include-fixed]
  collapse include dir [/usr/lib/gcc/arm-none-eabi/12.2.0/../../../../arm-none-eabi/include] ==> [/usr/arm-none-eabi/include]
  implicit include dirs: [/usr/arm-none-eabi/include/newlib-nano;/usr/arm-none-eabi/include/c++/12.2.0;/usr/arm-none-eabi/include/c++/12.2.0/arm-none-eabi;/usr/arm-none-eabi/include/c++/12.2.0/backward;/usr/lib/gcc/arm-none-eabi/12.2.0/include;/usr/lib/gcc/arm-none-eabi/12.2.0/include-fixed;/usr/arm-none-eabi/include]


Parsed CXX implicit link information from above output:
  link line regex: [^( *|.*[/\])(arm-none-eabi-ld|CMAKE_LINK_STARTFILE-NOTFOUND|([^/\]+-)?ld|collect2)[^/\]*( |$)]
  ignore line: [Change Dir: /home/oleg/MEGA/workdir/vscode/git-repos/stm32h743-nucleo-template/build/CMakeFiles/CMakeTmp]
  ignore line: []
  ignore line: [Run Build Command(s):/usr/bin/ninja-build cmTC_82fd2 && [1/2] Building CXX object CMakeFiles/cmTC_82fd2.dir/CMakeCXXCompilerABI.cpp.obj]
  ignore line: [Using built-in specs.]
  ignore line: [Reading specs from /usr/lib/gcc/arm-none-eabi/12.2.0/../../../../arm-none-eabi/lib/nano.specs]
  ignore line: [rename spec link to nano_link]
  ignore line: [rename spec link_gcc_c_sequence to nano_link_gcc_c_sequence]
  ignore line: [rename spec cpp_unique_options to nano_cpp_unique_options]
  ignore line: [COLLECT_GCC=/usr/bin/arm-none-eabi-g++]
  ignore line: [Target: arm-none-eabi]
  ignore line: [Configured with: ../gcc-12.2.0/configure --prefix=/usr --mandir=/usr/share/man --with-pkgversion='Fedora 12.2.0-1.fc36' --with-bugurl=https://bugzilla.redhat.com/ --infodir=/usr/share/info --target=arm-none-eabi --enable-interwork --enable-multilib --with-python-dir=share/arm-none-eabi/gcc-12.2.0/python --with-multilib-list=rmprofile --enable-plugins --disable-decimal-float --disable-libffi --disable-libgomp --disable-libmudflap --disable-libquadmath --disable-libssp --disable-libstdcxx-pch --disable-nls --disable-shared --disable-threads --disable-tls --enable-languages=c,c++ --with-newlib --disable-nls --disable-shared --disable-threads --with-gnu-as --with-gnu-ld --with-gmp --with-mpfr --with-mpc --with-headers=yes --with-system-zlib --with-sysroot=/usr/arm-none-eabi]
  ignore line: [Thread model: single]
  ignore line: [Supported LTO compression algorithms: zlib]
  ignore line: [gcc version 12.2.0 (Fedora 12.2.0-1.fc36) ]
  ignore line: [COLLECT_GCC_OPTIONS='-fdata-sections' '-ffunction-sections' '-specs=nano.specs' '-fno-rtti' '-fno-exceptions' '-fno-threadsafe-statics' '-v' '-o' 'CMakeFiles/cmTC_82fd2.dir/CMakeCXXCompilerABI.cpp.obj' '-c' '-mcpu=arm7tdmi' '-mfloat-abi=soft' '-marm' '-mlibarch=armv4t' '-march=armv4t' '-dumpdir' 'CMakeFiles/cmTC_82fd2.dir/']
  ignore line: [ /usr/libexec/gcc/arm-none-eabi/12.2.0/cc1plus -isystem =/include/newlib-nano -quiet -v -D__USES_INITFINI__ /usr/share/cmake/Modules/CMakeCXXCompilerABI.cpp -quiet -dumpdir CMakeFiles/cmTC_82fd2.dir/ -dumpbase CMakeCXXCompilerABI.cpp.cpp -dumpbase-ext .cpp -mcpu=arm7tdmi -mfloat-abi=soft -marm -mlibarch=armv4t -march=armv4t -version -fdata-sections -ffunction-sections -fno-rtti -fno-exceptions -fno-threadsafe-statics -o /tmp/ccwVabiI.s]
  ignore line: [GNU C++17 (Fedora 12.2.0-1.fc36) version 12.2.0 (arm-none-eabi)]
  ignore line: [	compiled by GNU C version 12.2.1 20220819 (Red Hat 12.2.1-1)  GMP version 6.2.1  MPFR version 4.1.0-p13  MPC version 1.2.1  isl version none]
  ignore line: [GGC heuristics: --param ggc-min-expand=100 --param ggc-min-heapsize=131072]
  ignore line: [ignoring nonexistent directory "/usr/arm-none-eabi/usr/local/include"]
  ignore line: [ignoring nonexistent directory "/usr/arm-none-eabi/usr/include"]
  ignore line: [#include "..." search starts here:]
  ignore line: [#include <...> search starts here:]
  ignore line: [ /usr/arm-none-eabi/include/newlib-nano]
  ignore line: [ /usr/lib/gcc/arm-none-eabi/12.2.0/../../../../arm-none-eabi/include/c++/12.2.0]
  ignore line: [ /usr/lib/gcc/arm-none-eabi/12.2.0/../../../../arm-none-eabi/include/c++/12.2.0/arm-none-eabi]
  ignore line: [ /usr/lib/gcc/arm-none-eabi/12.2.0/../../../../arm-none-eabi/include/c++/12.2.0/backward]
  ignore line: [ /usr/lib/gcc/arm-none-eabi/12.2.0/include]
  ignore line: [ /usr/lib/gcc/arm-none-eabi/12.2.0/include-fixed]
  ignore line: [ /usr/lib/gcc/arm-none-eabi/12.2.0/../../../../arm-none-eabi/include]
  ignore line: [End of search list.]
  ignore line: [GNU C++17 (Fedora 12.2.0-1.fc36) version 12.2.0 (arm-none-eabi)]
  ignore line: [	compiled by GNU C version 12.2.1 20220819 (Red Hat 12.2.1-1)  GMP version 6.2.1  MPFR version 4.1.0-p13  MPC version 1.2.1  isl version none]
  ignore line: [GGC heuristics: --param ggc-min-expand=100 --param ggc-min-heapsize=131072]
  ignore line: [Compiler executable checksum: e0cb7d52735b2dfdcf53933f754eb815]
  ignore line: [COLLECT_GCC_OPTIONS='-fdata-sections' '-ffunction-sections' '-specs=nano.specs' '-fno-rtti' '-fno-exceptions' '-fno-threadsafe-statics' '-v' '-o' 'CMakeFiles/cmTC_82fd2.dir/CMakeCXXCompilerABI.cpp.obj' '-c' '-mcpu=arm7tdmi' '-mfloat-abi=soft' '-marm' '-mlibarch=armv4t' '-march=armv4t' '-dumpdir' 'CMakeFiles/cmTC_82fd2.dir/']
  ignore line: [ /usr/lib/gcc/arm-none-eabi/12.2.0/../../../../arm-none-eabi/bin/as -v -march=armv4t -mfloat-abi=soft -meabi=5 -o CMakeFiles/cmTC_82fd2.dir/CMakeCXXCompilerABI.cpp.obj /tmp/ccwVabiI.s]
  ignore line: [GNU assembler version 2.39 (arm-none-eabi) using BFD version (Fedora 2.39-1.fc36) 2.39]
  ignore line: [COMPILER_PATH=/usr/libexec/gcc/arm-none-eabi/12.2.0/:/usr/libexec/gcc/arm-none-eabi/12.2.0/:/usr/libexec/gcc/arm-none-eabi/:/usr/lib/gcc/arm-none-eabi/12.2.0/:/usr/lib/gcc/arm-none-eabi/:/usr/lib/gcc/arm-none-eabi/12.2.0/../../../../arm-none-eabi/bin/]
  ignore line: [LIBRARY_PATH=/usr/lib/gcc/arm-none-eabi/12.2.0/:/usr/lib/gcc/arm-none-eabi/12.2.0/../../../../arm-none-eabi/lib/:/usr/arm-none-eabi/lib/]
  ignore line: [COLLECT_GCC_OPTIONS='-fdata-sections' '-ffunction-sections' '-specs=nano.specs' '-fno-rtti' '-fno-exceptions' '-fno-threadsafe-statics' '-v' '-o' 'CMakeFiles/cmTC_82fd2.dir/CMakeCXXCompilerABI.cpp.obj' '-c' '-mcpu=arm7tdmi' '-mfloat-abi=soft' '-marm' '-mlibarch=armv4t' '-march=armv4t' '-dumpdir' 'CMakeFiles/cmTC_82fd2.dir/CMakeCXXCompilerABI.cpp.']
  ignore line: [[2/2] Linking CXX static library libcmTC_82fd2.a]
  ignore line: []
  ignore line: []
  implicit libs: []
  implicit objs: []
  implicit dirs: []
  implicit fwks: []


Checking whether the ASM compiler is GNU using "--version" matched "(GNU assembler)|(GCC)|(Free Software Foundation)":
arm-none-eabi-gcc (Fedora 12.2.0-1.fc36) 12.2.0
Copyright (C) 2022 Free Software Foundation, Inc.
This is free software; see the source for copying conditions.  There is NO
warranty; not even for MERCHANTABILITY or FITNESS FOR A PARTICULAR PURPOSE.

